<?xml version="1.0" encoding="UTF-8"?>
<!-- Generated by org.testng.reporters.JUnitReportReporter -->
<testsuite skipped="0" hostname="VAIO" name="driver.DriverScript" tests="1" failures="0" timestamp="13 May 2020 16:15:48 GMT" time="74.143" errors="0">
  <testcase name="executeTest" time="74.143" classname="driver.DriverScript"/>
</testsuite> <!-- driver.DriverScript -->
