<?xml version="1.0" encoding="UTF-8"?>
<!-- Generated by org.testng.reporters.JUnitReportReporter -->
<testsuite skipped="0" hostname="VAIO" name="driver.DriverScript" tests="1" failures="0" timestamp="13 May 2020 16:29:43 GMT" time="77.603" errors="0">
  <testcase name="executeTest" time="77.603" classname="driver.DriverScript"/>
</testsuite> <!-- driver.DriverScript -->
